0.971635,0.05,2e+09,100,50,0.5,0.601,3473,Thu Mar  3 11:19:06 2011
0.971635,0.05,2e+09,100,50,0.98,0.05,3750,Thu Mar  3 16:49:27 2011
0.971635,0.05,2e+09,100,50,0.2375,0.47999,3378,Thu Mar  3 18:02:59 2011
0.971635,0.05,1e+07,100,50,0.98,0.05,15,Fri Mar  4 00:44:21 2011
0.971635,0.05,1e+10,100,50,0.98,0.05,18823,Fri Mar  4 00:45:06 2011
0.971635,0.05,2e+10,100,50,0.2375,0.47999,33609,Sat Mar  5 00:46:55 2011
0.971635,0.05,2e+10,100,50,0.2375,0.47999,36344,Sat Mar  5 23:09:00 2011
6.90874,0.05,2e+08,100,50,0.5,0.601,488,Sun Mar  6 17:26:50 2011
6.90874,0.05,1e+09,100,50,0.5,0.601,2404,Sun Mar  6 17:36:33 2011
6.90874,0.05,2e+08,100,50,0.5,0.601,421,Mon Mar  7 00:11:51 2011
6.90874,0.05,2e+10,100,50,0.99,0.021,45920,Mon Mar  7 00:36:03 2011
6.90874,0.05,2e+07,100,50,0.99,0.021,36,Mon Mar  7 21:41:09 2011
0,0.05,2e+07,100,50,0.99,0.021,26,Mon Mar  7 21:42:10 2011
0.971635,0.05,2e+08,100,50,0.5,0.601,339,Tue Mar  8 12:00:22 2011
0.971635,0.05,2e+06,100,50,0.5,0.601,3,Tue Mar  8 12:21:55 2011
0.971635,0.05,2e+06,100,50,0.5,0.601,3,Tue Mar  8 12:22:40 2011
0.971635,0.05,2e+06,100,50,0.5,0.601,3,Tue Mar  8 12:23:41 2011
0.971635,0.05,2e+06,100,50,0.5,0.601,3,Tue Mar  8 12:24:44 2011
0.971635,0.05,2e+06,100,50,0.5,0.601,3,Tue Mar  8 12:25:30 2011
0.971635,0.05,2e+06,100,50,0.5,0.601,7,Tue Mar  8 12:30:06 2011
0.971635,0.05,2e+06,100,50,0.5,0.601,5,Tue Mar  8 12:31:06 2011
0.971635,0.05,2e+07,100,50,0.5,0.601,54,Tue Mar  8 12:31:58 2011
0.971635,0.05,2e+07,100,50,0.5,0.601,29,Tue Mar  8 12:33:47 2011
0.971635,0.05,2e+07,100,50,0.5,0.601,54,Tue Mar  8 12:36:10 2011
0.971635,0.05,2e+07,100,50,0.5,0.601,30,Tue Mar  8 12:37:04 2011
0.971635,0.05,200000,10000,5000,0.5,0.601,37,Tue Mar  8 12:38:06 2011
0.971635,0.05,200000,10000,5000,0.5,0.601,36,Tue Mar  8 12:38:43 2011
0.971635,0.05,200000,10000,5000,0.5,0.601,23,Tue Mar  8 12:43:04 2011
0.971635,0.05,200000,10000,5000,0.5,0.601,36,Tue Mar  8 12:43:27 2011
0.971635,0.05,2e+07,100,50,0.5,0.601,32,Tue Mar  8 12:44:23 2011
0.971635,0.05,2e+07,100,50,0.5,0.601,30,Tue Mar  8 12:44:55 2011
0.971635,0.05,2e+07,100,50,0.5,0.601,29,Tue Mar  8 12:46:26 2011
0.971635,0.05,2e+07,100,50,0.5,0.601,35,Tue Mar  8 12:46:55 2011
0.971635,0.05,2e+07,100,50,0.5,0.601,30,Tue Mar  8 12:54:23 2011
0.971635,0.05,2e+07,100,50,0.5,0.601,30,Tue Mar  8 12:55:53 2011
0.971635,0.05,250000,100,50,0.5,0.601,0,Wed Mar 16 17:08:07 2011
0.971635,0.05,250000,100,50,0.5,0.601,1,Wed Mar 16 18:01:45 2011
0.971635,0.05,250000,100,50,0.5,0.601,1,Wed Mar 16 18:02:04 2011
0.971635,0.05,250000,100,50,0.5,0.601,1,Wed Mar 16 18:03:03 2011
0.971635,0.05,250000,100,50,0.5,0.601,0,Wed Mar 16 18:03:51 2011
0.971635,0.05,250000,100,50,0.5,0.601,0,Wed Mar 16 18:04:03 2011
0.971635,0.05,250000,100,50,0.5,0.601,1,Wed Mar 16 18:05:21 2011
0.971635,0.05,250000,100,50,0.5,0.601,1,Wed Mar 16 18:07:16 2011
0.971635,0.05,2.5e+07,100,50,0.5,0.601,22,Fri Apr 29 15:13:55 2011
0.971635,0.05,2.5e+07,100,50,0.5,0.601,23,Fri May  6 00:10:31 2011
0.971635,0.05,2.5e+07,100,50,0.5,0.601,23,Fri May  6 00:11:39 2011
0.971635,0.05,2.5e+07,100,50,0.5,0.601,23,Fri May  6 00:12:09 2011
0.971635,0.05,2.5e+07,100,50,0.5,0.601,23,Fri May  6 00:12:44 2011
0.971635,0.05,2.5e+07,100,50,0.5,0.601,22,Fri May  6 00:45:34 2011
0.971635,0.05,1.2e+07,100,50,0.5,0.601,11,Wed May 11 19:04:37 2011
0.971635,0.05,1.2e+07,100,50,0.5,0.601,11,Wed May 11 19:05:25 2011
0.971635,0.05,2.5e+07,100,50,0.5,0.601,23,Wed May 11 19:05:53 2011
0.971635,0.05,1.2e+07,100,50,0.5,0.601,11,Wed May 11 19:52:46 2011
0.971635,0.05,1.2e+07,100,50,0.5,0.601,11,Wed May 11 20:01:50 2011
0.971635,0.05,2.5e+07,100,50,0.5,0.601,23,Wed May 11 20:02:07 2011
0.971635,0.05,1e+08,100,50,0.5,0.601,90,Wed May 11 20:07:01 2011
0.971635,0.05,2.5e+07,100,50,0.5,0.601,23,Thu May 12 00:20:09 2011
0.971635,0.05,2.5e+07,100,50,0.5,0.601,30,Thu May 12 00:51:21 2011
0.971635,0.05,2.5e+07,100,50,0.5,0.601,23,Thu May 12 00:52:24 2011
0.971635,0.05,2.5e+07,100,50,0.5,0.601,18,Thu May 12 00:53:12 2011
0.971635,0.05,2.5e+07,100,50,0.5,0.601,23,Thu May 12 00:54:12 2011
0.971635,0.05,1e+09,100,50,0.5,0.601,914,Thu May 12 12:41:52 2011
0.971635,0.05,2.5e+07,100,50,0.5,0.601,24,Tue Jun 28 20:59:41 2011
0.971635,0.05,2.5e+07,100,50,0.5,0.601,24,Sat Jul  2 10:37:52 2011
0.971635,0.05,2.5e+07,100,50,0.5,0.601,24,Sat Jul  2 10:38:28 2011
0.971635,0.05,1.2e+07,100,50,0.5,0.601,11,Sat Jul  2 10:55:37 2011
0.971635,0.05,1.2e+07,100,50,0.5,0.601,11,Sat Jul  2 11:16:29 2011
0.971635,0.05,1.2e+07,100,50,0.5,0.601,11,Sat Jul  2 11:16:45 2011
